app/build/intermediates/manifest_merge_blame_file/debug/manifest-merger-blame-debug-report.txt
1<?xml version="1.0" encoding="utf-8"?>
2<manifest xmlns:android="http://schemas.android.com/apk/res/android"
3    package="com.example.test123"
4    android:versionCode="1"
5    android:versionName="1.0" >
6
7    <uses-sdk
8        android:minSdkVersion="33"
8-->src\main\AndroidManifest.xml
9        android:targetSdkVersion="33" />
9-->src\main\AndroidManifest.xml
10
11    <uses-permission android:name="android.permission.INTERNET" />
11-->src\main\AndroidManifest.xml:3:5-67
11-->src\main\AndroidManifest.xml:3:22-64
12    <uses-permission android:name="android.permission.ACCESS_NETWORK_STATE" />
12-->src\main\AndroidManifest.xml:4:5-79
12-->src\main\AndroidManifest.xml:4:22-76
13    <uses-permission android:name="android.permission.READ_EXTERNAL_STORAGE" />
13-->src\main\AndroidManifest.xml:5:5-80
13-->src\main\AndroidManifest.xml:5:22-77
14
15    <application
15-->src\main\AndroidManifest.xml:6:5-47:19
16        android:allowBackup="true"
16-->src\main\AndroidManifest.xml:7:9-35
17        android:appComponentFactory="androidx.core.app.CoreComponentFactory"
17-->[androidx.core:core:1.8.0] AndroidManifest.xml:24:18-86
18        android:dataExtractionRules="@xml/data_extraction_rules"
18-->src\main\AndroidManifest.xml:8:9-65
19        android:debuggable="true"
20        android:extractNativeLibs="false"
21        android:fullBackupContent="@xml/backup_rules"
21-->src\main\AndroidManifest.xml:9:9-54
22        android:icon="@mipmap/ic_launcher"
22-->src\main\AndroidManifest.xml:10:9-43
23        android:label="Smig"
23-->src\main\AndroidManifest.xml:11:9-29
24        android:supportsRtl="true"
24-->src\main\AndroidManifest.xml:12:9-35
25        android:testOnly="true"
26        android:theme="@style/Theme.TEST123" >
26-->src\main\AndroidManifest.xml:13:9-45
27        <activity
27-->src\main\AndroidManifest.xml:14:9-26:20
28            android:name="com.example.test123.MainActivity"
28-->src\main\AndroidManifest.xml:15:13-41
29            android:exported="true" >
29-->src\main\AndroidManifest.xml:16:13-36
30            <intent-filter>
30-->src\main\AndroidManifest.xml:17:13-21:29
31                <action android:name="android.intent.action.MAIN" />
31-->src\main\AndroidManifest.xml:18:17-69
31-->src\main\AndroidManifest.xml:18:25-66
32
33                <category android:name="android.intent.category.LAUNCHER" />
33-->src\main\AndroidManifest.xml:20:17-77
33-->src\main\AndroidManifest.xml:20:27-74
34            </intent-filter>
35
36            <meta-data
36-->src\main\AndroidManifest.xml:23:13-25:36
37                android:name="android.app.lib_name"
37-->src\main\AndroidManifest.xml:24:17-52
38                android:value="" />
38-->src\main\AndroidManifest.xml:25:17-33
39        </activity>
40        <activity android:name="com.example.test123.ClientProfile" />
40-->src\main\AndroidManifest.xml:27:9-51
40-->src\main\AndroidManifest.xml:27:19-48
41        <activity android:name="com.example.test123.DiscountActivity" />
41-->src\main\AndroidManifest.xml:28:9-54
41-->src\main\AndroidManifest.xml:28:19-51
42        <activity android:name="com.example.test123.ReportActivity" />
42-->src\main\AndroidManifest.xml:29:9-52
42-->src\main\AndroidManifest.xml:29:19-49
43        <activity android:name="com.example.test123.BuyTicketActivity" />
43-->src\main\AndroidManifest.xml:30:9-54
43-->src\main\AndroidManifest.xml:30:19-52
44        <activity android:name="com.example.test123.TimetableActivity" />
44-->src\main\AndroidManifest.xml:31:9-54
44-->src\main\AndroidManifest.xml:31:19-52
45        <activity android:name="com.example.test123.TimetableDirectionActivity" />
45-->src\main\AndroidManifest.xml:32:9-63
45-->src\main\AndroidManifest.xml:32:19-61
46        <activity android:name="com.example.test123.TimetableTimesMenuActivity" />
46-->src\main\AndroidManifest.xml:33:9-63
46-->src\main\AndroidManifest.xml:33:19-61
47        <activity android:name="com.example.test123.TimetableDetailsActivity" />
47-->src\main\AndroidManifest.xml:34:9-61
47-->src\main\AndroidManifest.xml:34:19-59
48        <activity android:name="com.example.test123.TicketOnewayActivity" />
48-->src\main\AndroidManifest.xml:35:9-57
48-->src\main\AndroidManifest.xml:35:19-55
49        <activity android:name="com.example.test123.TicketDetailsActivity" />
49-->src\main\AndroidManifest.xml:36:9-58
49-->src\main\AndroidManifest.xml:36:19-56
50        <activity android:name="com.example.test123.TicketTemporaryActivity" />
50-->src\main\AndroidManifest.xml:37:9-60
50-->src\main\AndroidManifest.xml:37:19-58
51        <activity android:name="com.example.test123.TicketTemporaryDetailsActivity" />
51-->src\main\AndroidManifest.xml:38:9-67
51-->src\main\AndroidManifest.xml:38:19-65
52        <activity android:name="com.example.test123.TicketLongtermDetailsActivity" />
52-->src\main\AndroidManifest.xml:39:9-66
52-->src\main\AndroidManifest.xml:39:19-64
53        <activity android:name="com.example.test123.TicketHistoryActivity" />
53-->src\main\AndroidManifest.xml:40:9-58
53-->src\main\AndroidManifest.xml:40:19-56
54        <activity android:name="com.example.test123.TicketHistoryDetailsActivity" />
54-->src\main\AndroidManifest.xml:41:9-65
54-->src\main\AndroidManifest.xml:41:19-63
55        <activity android:name="com.example.test123.FineMenuActivitiy" />
55-->src\main\AndroidManifest.xml:42:9-54
55-->src\main\AndroidManifest.xml:42:19-52
56        <activity android:name="com.example.test123.FineHistoryActivity" />
56-->src\main\AndroidManifest.xml:43:9-56
56-->src\main\AndroidManifest.xml:43:19-54
57        <activity android:name="com.example.test123.FineHistoryDetailsActivity" />
57-->src\main\AndroidManifest.xml:44:9-63
57-->src\main\AndroidManifest.xml:44:19-61
58        <activity android:name="com.example.test123.FinePayDetailsActivity" />
58-->src\main\AndroidManifest.xml:45:9-59
58-->src\main\AndroidManifest.xml:45:19-57
59
60        <provider
60-->[androidx.emoji2:emoji2:1.2.0] AndroidManifest.xml:24:9-32:20
61            android:name="androidx.startup.InitializationProvider"
61-->[androidx.emoji2:emoji2:1.2.0] AndroidManifest.xml:25:13-67
62            android:authorities="com.example.test123.androidx-startup"
62-->[androidx.emoji2:emoji2:1.2.0] AndroidManifest.xml:26:13-68
63            android:exported="false" >
63-->[androidx.emoji2:emoji2:1.2.0] AndroidManifest.xml:27:13-37
64            <meta-data
64-->[androidx.emoji2:emoji2:1.2.0] AndroidManifest.xml:29:13-31:52
65                android:name="androidx.emoji2.text.EmojiCompatInitializer"
65-->[androidx.emoji2:emoji2:1.2.0] AndroidManifest.xml:30:17-75
66                android:value="androidx.startup" />
66-->[androidx.emoji2:emoji2:1.2.0] AndroidManifest.xml:31:17-49
67            <meta-data
67-->[androidx.lifecycle:lifecycle-process:2.4.1] AndroidManifest.xml:31:13-33:52
68                android:name="androidx.lifecycle.ProcessLifecycleInitializer"
68-->[androidx.lifecycle:lifecycle-process:2.4.1] AndroidManifest.xml:32:17-78
69                android:value="androidx.startup" />
69-->[androidx.lifecycle:lifecycle-process:2.4.1] AndroidManifest.xml:33:17-49
70        </provider>
71
72        <uses-library
72-->[androidx.window:window:1.0.0] AndroidManifest.xml:25:9-27:40
73            android:name="androidx.window.extensions"
73-->[androidx.window:window:1.0.0] AndroidManifest.xml:26:13-54
74            android:required="false" />
74-->[androidx.window:window:1.0.0] AndroidManifest.xml:27:13-37
75        <uses-library
75-->[androidx.window:window:1.0.0] AndroidManifest.xml:28:9-30:40
76            android:name="androidx.window.sidecar"
76-->[androidx.window:window:1.0.0] AndroidManifest.xml:29:13-51
77            android:required="false" />
77-->[androidx.window:window:1.0.0] AndroidManifest.xml:30:13-37
78    </application>
79
80</manifest>